**********************
Windows PowerShell transcript start
Start time: 20240523105211
Username: GO-0098\Luis Solano
RunAs User: GO-0098\Luis Solano
Configuration Name: 
Machine: GO-0098 (Microsoft Windows NT 10.0.22631.0)
Host Application: C:\WINDOWS\System32\WindowsPowerShell\v1.0\powershell.exe -noexit -command try { . "c:\Users\Luis Solano\AppData\Local\Programs\Microsoft VS Code\resources\app\out\vs\workbench\contrib\terminal\browser\media\shellIntegration.ps1" } catch {}
Process ID: 14392
PSVersion: 5.1.22621.2506
PSEdition: Desktop
PSCompatibleVersions: 1.0, 2.0, 3.0, 4.0, 5.0, 5.1.22621.2506
BuildVersion: 10.0.22621.2506
CLRVersion: 4.0.30319.42000
WSManStackVersion: 3.0
PSRemotingProtocolVersion: 2.3
SerializationVersion: 1.1.0.1
**********************
Transcript started, output file is .\!RUN_DO_PROD_APLI_2024.log
> DO: Update the database.

Updating the database...

Changed database context to 'EXAMPLE'.
> The tables have been created.
> The primary and foreign keys have been assigned to the tables.

Changed database context to 'EXAMPLE'.

(2 rows affected)

(1 rows affected)
> The tables have been populated.

Changed database context to 'EXAMPLE'.
> The functions have been created

Changed database context to 'EXAMPLE'.
> The stored procedures were created.


Database updated successfully.
**********************
Windows PowerShell transcript end
End time: 20240523105211
**********************
